2020-04-06 15:49:53 2020-04-06 15:49:53 Чекаю 5 секунд перед відправкою повідомлення
2020-04-06 15:49:53 Віправляю папку Arnika на емейли {'omelchenko1971@gmail.com', 'b.v.omelchenko.fitis17@chdtu.edu.ua'}
2020-04-06 15:49:53 поштових скриньок декілька
2020-04-06 15:50:24 2020-04-06 15:50:24 Чекаю 5 секунд перед відправкою повідомлення
2020-04-06 15:50:24 Віправляю папку Arnika на емейли {'b.v.omelchenko.fitis17@chdtu.edu.ua', 'omelchenko1971@gmail.com'}
2020-04-06 15:50:24 поштових скриньок декілька
2020-04-06 15:54:01 2020-04-06 15:54:01 Чекаю 5 секунд перед відправкою повідомлення
2020-04-06 15:54:01 Віправляю папку Arnika на емейли {'omelchenko1971@gmail.com', 'b.v.omelchenko.fitis17@chdtu.edu.ua'}
2020-04-06 15:54:01 поштових скриньок декілька
2020-04-06 15:54:46 2020-04-06 15:54:46 Чекаю 5 секунд перед відправкою повідомлення
2020-04-06 15:54:46 Віправляю папку Arnika на емейли {'b.v.omelchenko.fitis17@chdtu.edu.ua', 'omelchenko1971@gmail.com'}
2020-04-06 15:54:46 поштових скриньок декілька
2020-04-06 15:54:46 немає нових файлів в папці Arnika
2020-04-06 15:54:46 2020-04-06 15:54:46 Чекаю 5 секунд перед відправкою повідомлення
2020-04-06 15:54:46 Віправляю папку Piven на емейли omelcenko44@gmail.com
2020-04-06 15:54:46 email один
2020-04-06 15:54:46 немає нових файлів в папці Piven
2020-04-06 15:54:46 2020-04-06 15:54:46 Чекаю 5 секунд перед відправкою повідомлення
2020-04-06 15:54:46 Віправляю папку Frau на емейли b.v.omelchenko.fitis17@chdtu.edu.ua
2020-04-06 15:54:46 email один
2020-04-06 15:54:46 немає нових файлів в папці Frau
2020-04-06 15:55:49 2020-04-06 15:55:49 Чекаю 5 секунд перед відправкою повідомлення
2020-04-06 15:55:49 Віправляю папку Arnika на емейли {'b.v.omelchenko.fitis17@chdtu.edu.ua', 'omelchenko1971@gmail.com'}
2020-04-06 15:55:49 поштових скриньок декілька
2020-04-06 15:55:49 немає нових файлів в папці Arnika
2020-04-06 15:55:49 2020-04-06 15:55:49 Чекаю 5 секунд перед відправкою повідомлення
2020-04-06 15:55:49 Віправляю папку Piven на емейли omelcenko44@gmail.com
2020-04-06 15:55:49 email один
2020-04-06 15:55:49 додаю тему до повідомлення
2020-04-06 15:55:49 додаю текст до повідомлення
2020-04-06 15:55:49 додаю файли до повідомлення
2020-04-06 15:55:49 шлях не знайдений отже це директорія
2020-04-06 15:55:49 додаєм кожний файл директорії в повідомлення
2020-04-06 15:55:49 відкриваєм файл
2020-04-06 15:55:49 додаєм вміст файла
2020-04-06 15:55:49 вміст кодується як Base64
2020-04-06 15:55:49 додаєм заголовки до файлів
2020-04-06 15:55:49 додаєм файл до повідомлення
2020-04-06 15:55:49 додаєм кожний файл директорії в повідомлення
2020-04-06 15:55:49 відкриваєм файл
2020-04-06 15:55:49 додаєм вміст файла
2020-04-06 15:55:49 вміст кодується як Base64
2020-04-06 15:55:49 додаєм заголовки до файлів
2020-04-06 15:55:49 додаєм файл до повідомлення
2020-04-06 15:55:49 з'єднуюсь з сервером
2020-04-06 15:55:49 входжу в акаунт
2020-04-06 15:55:49 відправляю повідомлення
2020-04-06 15:55:49 виходжу з акаунта
2020-04-06 15:55:49 копіюю всі файли в папку Piven/archive/2020-04-06_15-55
2020-04-06 15:55:49 видаляю всі файли з папкиPiven
2020-04-06 15:55:49 файл Piven\2Piven був видалений з папки успішно
2020-04-06 15:55:49 файл Piven\2Piven.py був видалений з папки успішно
2020-04-06 15:55:49 повідомлення успішно відіслано
2020-04-06 15:55:49 2020-04-06 15:55:49 Чекаю 5 секунд перед відправкою повідомлення
2020-04-06 15:55:49 Віправляю папку Frau на емейли b.v.omelchenko.fitis17@chdtu.edu.ua
2020-04-06 15:55:49 email один
2020-04-06 15:55:49 немає нових файлів в папці Frau
2020-04-07 13:40:37 2020-04-07 13:40:37 Чекаю 5 секунд перед відправкою повідомлення
2020-04-07 13:40:37 Віправляю папку Arnika на емейли {'omelchenko1971@gmail.com', 'b.v.omelchenko.fitis17@chdtu.edu.ua'}
2020-04-07 13:40:37 поштових скриньок декілька
2020-04-07 13:40:37 немає нових файлів в папці Arnika
2020-04-07 13:40:37 2020-04-07 13:40:37 Чекаю 5 секунд перед відправкою повідомлення
2020-04-07 13:40:37 Віправляю папку Piven на емейли omelcenko44@gmail.com
2020-04-07 13:40:37 email один
2020-04-07 13:40:37 немає нових файлів в папці Piven
2020-04-07 13:40:37 2020-04-07 13:40:37 Чекаю 5 секунд перед відправкою повідомлення
2020-04-07 13:45:12 2020-04-07 13:45:12 Чекаю 5 секунд перед відправкою повідомлення
2020-04-07 13:45:12 Віправляю папку Arnika на емейли {'b.v.omelchenko.fitis17@chdtu.edu.ua', 'omelchenko1971@gmail.com'}
2020-04-07 13:45:12 поштових скриньок декілька
2020-04-07 13:45:12 немає нових файлів в папці Arnika
2020-04-07 13:45:12 2020-04-07 13:45:12 Чекаю 5 секунд перед відправкою повідомлення
2020-04-07 13:45:12 Віправляю папку Piven на емейли omelcenko44@gmail.com
2020-04-07 13:45:12 email один
2020-04-07 13:45:12 немає нових файлів в папці Piven
2020-04-07 13:45:12 2020-04-07 13:45:12 Чекаю 5 секунд перед відправкою повідомлення
2020-04-07 13:45:58 2020-04-07 13:45:58 Чекаю 5 секунд перед відправкою повідомлення
2020-04-07 13:45:58 Віправляю папку Arnika на емейли {'b.v.omelchenko.fitis17@chdtu.edu.ua', 'omelchenko1971@gmail.com'}
2020-04-07 13:45:58 поштових скриньок декілька
2020-04-07 13:45:58 немає нових файлів в папці Arnika
2020-04-07 13:45:58 2020-04-07 13:45:58 Чекаю 5 секунд перед відправкою повідомлення
2020-04-07 13:45:58 Віправляю папку Piven на емейли omelcenko44@gmail.com
2020-04-07 13:45:58 email один
2020-04-07 13:45:58 немає нових файлів в папці Piven
2020-04-07 13:45:58 2020-04-07 13:45:58 Чекаю 5 секунд перед відправкою повідомлення
2020-04-07 13:47:09 2020-04-07 13:47:09 Чекаю 5 секунд перед відправкою повідомлення
2020-04-07 13:47:09 Віправляю папку Arnika на емейли {'b.v.omelchenko.fitis17@chdtu.edu.ua', 'omelchenko1971@gmail.com'}
2020-04-07 13:47:09 поштових скриньок декілька
2020-04-07 13:47:09 немає нових файлів в папці Arnika
2020-04-07 13:47:09 2020-04-07 13:47:09 Чекаю 5 секунд перед відправкою повідомлення
2020-04-07 13:47:09 Віправляю папку Piven на емейли omelcenko44@gmail.com
2020-04-07 13:47:09 email один
2020-04-07 13:47:09 немає нових файлів в папці Piven
2020-04-07 13:47:09 2020-04-07 13:47:09 Чекаю 5 секунд перед відправкою повідомлення
2020-04-07 13:47:12 2020-04-07 13:47:12 Чекаю 5 секунд перед відправкою повідомлення
2020-04-07 14:13:00 2020-04-07 14:13:00 Чекаю 5 секунд перед відправкою повідомлення
2020-04-07 14:13:00 Віправляю папку Arnika на емейли {'omelchenko1971@gmail.com', 'b.v.omelchenko.fitis17@chdtu.edu.ua'}
2020-04-07 14:13:00 поштових скриньок декілька
2020-04-07 14:13:00 немає нових файлів в папці Arnika
2020-04-07 14:13:00 2020-04-07 14:13:00 Чекаю 5 секунд перед відправкою повідомлення
2020-04-07 14:13:00 Віправляю папку Piven на емейли omelcenko44@gmail.com
2020-04-07 14:13:00 email один
2020-04-07 14:13:00 немає нових файлів в папці Piven
2020-04-07 14:13:00 2020-04-07 14:13:00 Чекаю 5 секунд перед відправкою повідомлення
